[2025-08-06 16:34:44] Scanned directory: "C:\Maven", Found: 0 files
[2025-08-06 16:35:11] Scanned directory: "C:\Maven\apache-maven-3.9.11\bin", Found: 0 files
[2025-08-06 16:37:33] Scanned directory: "C:\Users\mkk76\IdeaProjects\ExpenseTracker101\src\main\java\com\expensetracker\controller", Found: 0 files
[2025-08-06 16:38:53] Scanned directory: "C:", Found: 0 files
[2025-08-06 16:39:31] Scanned directory: "C:\Users\mkk76", Found: 0 files
[2025-08-06 16:40:15] Scanned directory: C:\Users\mkk76\IdeaProjects\ExpenseTracker101\src\main\java\com\expensetracker\controller, Found: 5 files
[2025-08-06 16:40:15] Application management completed successfully.
[2025-08-06 16:41:56] Scanned directory: C:\Users\mkk76, Found: 0 files
[2025-08-06 16:43:18] Scanned directory: C:\india_pop_culture_tracker, Found: 2 files
[2025-08-06 16:43:18] Application management completed successfully.
[2025-08-06 16:45:29] Scanned directory: C:\Users\mkk76\sample-apps, Found: 16 files
[2025-08-06 16:46:16] Deleted duplicate: C:\Users\mkk76\sample-apps\duplicate-app3-copy.apk
[2025-08-06 16:46:16] Deleted duplicate: C:\Users\mkk76\sample-apps\duplicate-app3.apk
[2025-08-06 16:46:16] Deleted duplicate: C:\Users\mkk76\sample-apps\subfolder3\duplicate-app3-copy.apk
[2025-08-06 16:46:22] Application management completed successfully.
[2025-08-06 16:55:00] Scanned directory: C:\Users\mkk76\sample-apps, Found: 10 files
[2025-08-06 16:56:31] Scanned directory: C:\Users\mkk76\sample-apps, Found: 11 files
[2025-08-06 16:57:52] Deleted duplicate: C:\Users\mkk76\sample-apps\settings_copy.json
[2025-08-06 16:57:52] Application management completed successfully.
[2025-08-06 17:06:37] Scanned directory: C:\Users\mkk76/Desktop, Found: 0 files
[2025-08-06 17:08:30] Scanned directory: C:\Users\mkk76Downloads, Found: 0 files
[2025-08-06 17:09:28] Scanned directory: C:\Users\mkk76, Found: 0 files
[2025-08-06 17:10:13] Scanned directory: C:\Users\mkk76\sample-apps, Found: 11 files
[2025-08-06 17:11:07] Application management completed successfully.
[2025-08-06 17:16:15] Scanned directory: C:\Users\mkk76\sample-apps, Found: 13 files
[2025-08-06 17:17:19] Application management completed successfully.
[2025-08-06 17:44:12] Scanned directory: C:\Users\mkk76, Found: 0 files
[2025-08-06 19:15:08] Scanned directory: C:\Users\mkk76\sample-apps, Found: 13 files
[2025-08-06 19:15:22] Application management completed successfully.
